app/build/outputs/mapping/release/seeds.txt
com.akashgarg.app.R$anim: int abc_fade_in
com.akashgarg.app.R$anim: int abc_fade_out
com.akashgarg.app.R$anim: int abc_grow_fade_in_from_bottom
com.akashgarg.app.R$anim: int abc_popup_enter
com.akashgarg.app.R$anim: int abc_popup_exit
com.akashgarg.app.R$anim: int abc_shrink_fade_out_from_bottom
com.akashgarg.app.R$anim: int abc_slide_in_bottom
com.akashgarg.app.R$anim: int abc_slide_in_top
com.akashgarg.app.R$anim: int abc_slide_out_bottom
com.akashgarg.app.R$anim: int abc_slide_out_top
com.akashgarg.app.R$anim: int abc_tooltip_enter
com.akashgarg.app.R$anim: int abc_tooltip_exit
com.akashgarg.app.R$anim: int design_bottom_sheet_slide_in
com.akashgarg.app.R$anim: int design_bottom_sheet_slide_out
com.akashgarg.app.R$anim: int design_snackbar_in
com.akashgarg.app.R$anim: int design_snackbar_out
com.akashgarg.app.R$animator: int design_appbar_state_list_animator
com.akashgarg.app.R$attr: int actionBarDivider
com.akashgarg.app.R$attr: int actionBarItemBackground
com.akashgarg.app.R$attr: int actionBarPopupTheme
com.akashgarg.app.R$attr: int actionBarSize
com.akashgarg.app.R$attr: int actionBarSplitStyle
com.akashgarg.app.R$attr: int actionBarStyle
com.akashgarg.app.R$attr: int actionBarTabBarStyle
com.akashgarg.app.R$attr: int actionBarTabStyle
com.akashgarg.app.R$attr: int actionBarTabTextStyle
com.akashgarg.app.R$attr: int actionBarTheme
com.akashgarg.app.R$attr: int actionBarWidgetTheme
com.akashgarg.app.R$attr: int actionButtonStyle
com.akashgarg.app.R$attr: int actionDropDownStyle
com.akashgarg.app.R$attr: int actionLayout
com.akashgarg.app.R$attr: int actionMenuTextAppearance
com.akashgarg.app.R$attr: int actionMenuTextColor
com.akashgarg.app.R$attr: int actionModeBackground
com.akashgarg.app.R$attr: int actionModeCloseButtonStyle
com.akashgarg.app.R$attr: int actionModeCloseDrawable
com.akashgarg.app.R$attr: int actionModeCopyDrawable
com.akashgarg.app.R$attr: int actionModeCutDrawable
com.akashgarg.app.R$attr: int actionModeFindDrawable
com.akashgarg.app.R$attr: int actionModePasteDrawable
com.akashgarg.app.R$attr: int actionModePopupWindowStyle
com.akashgarg.app.R$attr: int actionModeSelectAllDrawable
com.akashgarg.app.R$attr: int actionModeShareDrawable
com.akashgarg.app.R$attr: int actionModeSplitBackground
com.akashgarg.app.R$attr: int actionModeStyle
com.akashgarg.app.R$attr: int actionModeWebSearchDrawable
com.akashgarg.app.R$bool: int abc_action_bar_embed_tabs
com.akashgarg.app.R$bool: int abc_allow_stacked_button_bar
com.akashgarg.app.R$bool: int abc_config_actionMenuItemAllCaps
com.akashgarg.app.R$bool: int abc_config_showMenuShortcutsWhenKeyboardPresent
...
android.support.design.widget.FloatingActionButton$Behavior
android.support.design.widget.FloatingActionButton$Behavior: FloatingActionButton$Behavior()
android.support.design.widget.FloatingActionButton$Behavior: FloatingActionButton$Behavior(android.content.Context,android.util.AttributeSet)
android.support.design.widget.HeaderBehavior: HeaderBehavior()
android.support.design.widget.HeaderBehavior: HeaderBehavior(android.content.Context,android.util.AttributeSet)
android.support.design.widget.HeaderScrollingViewBehavior: HeaderScrollingViewBehavior()
android.support.design.widget.HeaderScrollingViewBehavior: HeaderScrollingViewBehavior(android.content.Context,android.util.AttributeSet)
android.support.design.widget.NavigationView: void setNavigationItemSelectedListener(android.support.design.widget.NavigationView$OnNavigationItemSelectedListener)
android.support.design.widget.NavigationView: android.view.Menu getMenu()
android.support.design.widget.NavigationView: int getHeaderCount()
android.support.design.widget.NavigationView: android.content.res.ColorStateList getItemIconTintList()
android.support.design.widget.NavigationView: void setItemIconTintList(android.content.res.ColorStateList)
android.support.design.widget.NavigationView: android.content.res.ColorStateList getItemTextColor()
android.support.design.widget.NavigationView: void setItemTextColor(android.content.res.ColorStateList)
android.support.design.widget.NavigationView: android.graphics.drawable.Drawable getItemBackground()
android.support.design.widget.NavigationView: void setItemBackgroundResource(int)
android.support.design.widget.NavigationView: void setItemBackground(android.graphics.drawable.Drawable)
android.support.design.widget.NavigationView: void setCheckedItem(int)
android.support.design.widget.NavigationView: void setItemTextAppearance(int)
android.support.design.widget.NavigationView: android.view.MenuInflater getMenuInflater()
android.support.design.widget.NavigationView$SavedState: android.os.Parcelable$Creator CREATOR
android.support.design.widget.Snackbar$SnackbarLayout
android.support.design.widget.Snackbar$SnackbarLayout: Snackbar$SnackbarLayout(android.content.Context)
android.support.design.widget.Snackbar$SnackbarLayout: Snackbar$SnackbarLayout(android.content.Context,android.util.AttributeSet)
android.support.design.widget.SwipeDismissBehavior
android.support.design.widget.SwipeDismissBehavior: SwipeDismissBehavior()
android.support.design.widget.TabLayout: void setSelectedTabIndicatorColor(int)
android.support.design.widget.TabLayout: void setSelectedTabIndicatorHeight(int)
android.support.design.widget.TabLayout: float getScrollPosition()
android.support.design.widget.TabLayout: void setOnTabSelectedListener(android.support.design.widget.TabLayout$OnTabSelectedListener)
android.support.design.widget.TabLayout: int getTabCount()
android.support.design.widget.TabLayout: int getSelectedTabPosition()
android.support.design.widget.TabLayout: void setTabMode(int)
android.support.design.widget.TabLayout: int getTabMode()
android.support.design.widget.TabLayout: void setTabGravity(int)
android.support.design.widget.TabLayout: int getTabGravity()
android.support.design.widget.TabLayout: void setTabTextColors(android.content.res.ColorStateList)
android.support.design.widget.TabLayout: android.content.res.ColorStateList getTabTextColors()
android.support.design.widget.TabLayout: void setupWithViewPager(android.support.v4.view.ViewPager)
android.support.design.widget.TabLayout: void setTabsFromPagerAdapter(android.support.v4.view.PagerAdapter)
android.support.design.widget.TabLayout: int getTabScrollRange()
android.support.design.widget.TabLayout: void setScrollAnimatorListener(android.animation.Animator$AnimatorListener)
android.support.design.widget.TabLayout: void setSelectedTabView(int)
android.support.design.widget.TabLayout: int getDefaultHeight()