app/build/outputs/mapping/release/mapping.txt
com.akashgarg.app.presentor.inteceptor.AuthenticateInterceptor -> com.akashgarg.app.a.a.a:
com.akashgarg.app.presentor.inteceptor.AuthenticateInterceptor$AuthenticateServiceCompleteListener -> com.akashgarg.app.a.a.a$a:
    void onSuccess() -> a
    void onUserNameFailure() -> b
    void onUserPassFailure() -> c
com.akashgarg.app.presentor.inteceptor.impl.AuthenticateInterceptorImpl -> com.akashgarg.app.a.a.a.a:
    void validateUser(java.lang.String,java.lang.String,com.akashgarg.app.presentor.inteceptor.AuthenticateInterceptor$AuthenticateServiceCompleteListener) -> a
    void <init>() -> <init>
com.akashgarg.app.presentor.inteceptor.impl.AuthenticateInterceptorImpl$validateUser$1 -> com.akashgarg.app.a.a.a.a$a:
    java.lang.String $userName -> a
    com.akashgarg.app.presentor.inteceptor.AuthenticateInterceptor$AuthenticateServiceCompleteListener $listner -> b
    java.lang.String $userPass -> c
    void run() -> run
    void <init>(java.lang.String,com.akashgarg.app.presentor.inteceptor.AuthenticateInterceptor$AuthenticateServiceCompleteListener,java.lang.String) -> <init>
com.akashgarg.app.presentor.presentor.impl.AuthenticatePresentorImpl -> com.akashgarg.app.a.b.a.a:
    com.akashgarg.app.presentor.inteceptor.impl.AuthenticateInterceptorImpl authInterceptor -> a
    com.akashgarg.app.view.AuthenticateView authView -> b
    void validate(java.lang.String,java.lang.String) -> a
    void onSuccess() -> a
    void onUserNameFailure() -> b
    void onUserPassFailure() -> c
    void <init>(com.akashgarg.app.view.AuthenticateView) -> <init>
com.akashgarg.app.ui.activity.AuthenticateActivity -> com.akashgarg.app.ui.activity.AuthenticateActivity:
    android.widget.EditText etUserName -> m
    android.widget.EditText etUserPass -> n
    android.widget.Button btnLogin -> o
    com.akashgarg.app.presentor.presentor.impl.AuthenticatePresentorImpl authPresentor -> p
    android.app.ProgressDialog pbDialog -> q
    void onNetworkChange(boolean) -> b
    void layoutAdded(android.os.Bundle) -> a
    int setLayout() -> k
    void initViews() -> l
    void onUserNameError() -> m
    void onUserPassError() -> n
    void showProgress() -> o
    void hideProgress() -> p
    void navigate() -> q
    void listner() -> r
    void <init>() -> <init>
    com.akashgarg.app.presentor.presentor.impl.AuthenticatePresentorImpl access$getAuthPresentor$p(com.akashgarg.app.ui.activity.AuthenticateActivity) -> a
    android.widget.EditText access$getEtUserName$p(com.akashgarg.app.ui.activity.AuthenticateActivity) -> b
    android.widget.EditText access$getEtUserPass$p(com.akashgarg.app.ui.activity.AuthenticateActivity) -> c
com.akashgarg.app.ui.activity.AuthenticateActivity$listner$1 -> com.akashgarg.app.ui.activity.AuthenticateActivity$a:
    com.akashgarg.app.ui.activity.AuthenticateActivity this$0 -> a
    void onClick(android.view.View) -> onClick
    void <init>(com.akashgarg.app.ui.activity.AuthenticateActivity) -> <init>
com.akashgarg.app.ui.activity.BaseActivity -> com.akashgarg.app.ui.activity.a:
    android.content.BroadcastReceiver networkBroadcast -> m
    void onCreate(android.os.Bundle) -> onCreate
    void layoutAdded(android.os.Bundle) -> a
    int setLayout() -> k
    void onNetworkChange(boolean) -> b
    void networkChange(boolean) -> c
    void onStart() -> onStart
    void registerNetworkBroadcast() -> s
    java.lang.String getText(android.widget.EditText) -> a
    void <init>() -> <init>
com.akashgarg.app.ui.activity.BaseActivity$registerNetworkBroadcast$1 -> com.akashgarg.app.ui.activity.a$a:
    com.akashgarg.app.ui.activity.BaseActivity this$0 -> a
    void onReceive(android.content.Context,android.content.Intent) -> onReceive
    void <init>(com.akashgarg.app.ui.activity.BaseActivity) -> <init>
com.akashgarg.app.ui.activity.LauncherActivity -> com.akashgarg.app.ui.activity.LauncherActivity:
    void onCreate(android.os.Bundle) -> onCreate
    void <init>() -> <init>
...
android.support.v4.media.session.MediaControllerCompat$Callback -> android.support.v4.media.session.MediaControllerCompat$a:
    java.lang.Object mCallbackObj -> c
    android.support.v4.media.session.MediaControllerCompat$Callback$MessageHandler mHandler -> a
    boolean mHasExtraCallback -> b
    void <init>() -> <init>
    void onSessionReady() -> a
    void onSessionDestroyed() -> b
    void onSessionEvent(java.lang.String,android.os.Bundle) -> a
    void onPlaybackStateChanged(android.support.v4.media.session.PlaybackStateCompat) -> a
    void onMetadataChanged(android.support.v4.media.MediaMetadataCompat) -> a
    void onQueueChanged(java.util.List) -> a
    void onQueueTitleChanged(java.lang.CharSequence) -> a
    void onExtrasChanged(android.os.Bundle) -> a
    void onAudioInfoChanged(android.support.v4.media.session.MediaControllerCompat$PlaybackInfo) -> a
    void onCaptioningEnabledChanged(boolean) -> a
    void onRepeatModeChanged(int) -> a
    void onShuffleModeChanged(int) -> b
    void postToHandler(int,java.lang.Object,android.os.Bundle) -> a
android.support.v4.media.session.MediaControllerCompat$Callback$MessageHandler -> android.support.v4.media.session.MediaControllerCompat$a$a:
    boolean mRegistered -> a
    android.support.v4.media.session.MediaControllerCompat$Callback this$0 -> b
    void handleMessage(android.os.Message) -> handleMessage
android.support.v4.media.session.MediaControllerCompat$Callback$StubApi21 -> android.support.v4.media.session.MediaControllerCompat$a$b:
    java.lang.ref.WeakReference mCallback -> a
    void <init>(android.support.v4.media.session.MediaControllerCompat$Callback) -> <init>
    void onSessionDestroyed() -> a
    void onSessionEvent(java.lang.String,android.os.Bundle) -> a
    void onPlaybackStateChanged(java.lang.Object) -> a
    void onMetadataChanged(java.lang.Object) -> b
    void onQueueChanged(java.util.List) -> a
    void onQueueTitleChanged(java.lang.CharSequence) -> a
    void onExtrasChanged(android.os.Bundle) -> a
    void onAudioInfoChanged(int,int,int,int,int) -> a
android.support.v4.media.session.MediaControllerCompat$Callback$StubCompat -> android.support.v4.media.session.MediaControllerCompat$a$c:
    java.lang.ref.WeakReference mCallback -> a
    void <init>(android.support.v4.media.session.MediaControllerCompat$Callback) -> <init>
    void onEvent(java.lang.String,android.os.Bundle) -> a
    void onSessionDestroyed() -> a
    void onPlaybackStateChanged(android.support.v4.media.session.PlaybackStateCompat) -> a
    void onMetadataChanged(android.support.v4.media.MediaMetadataCompat) -> a
    void onQueueChanged(java.util.List) -> a
    void onQueueTitleChanged(java.lang.CharSequence) -> a
    void onCaptioningEnabledChanged(boolean) -> b
    void onRepeatModeChanged(int) -> a
    void onShuffleModeChangedRemoved(boolean) -> a
    void onShuffleModeChanged(int) -> b
    void onExtrasChanged(android.os.Bundle) -> a
    void onVolumeInfoChanged(android.support.v4.media.session.ParcelableVolumeInfo) -> a
    void onSessionReady() -> b
android.support.v4.media.session.MediaControllerCompat$MediaControllerImplApi21 -> android.support.v4.media.session.MediaControllerCompat$MediaControllerImplApi21:
    java.util.List mPendingCallbacks -> a
    android.support.v4.media.session.IMediaSession mExtraBinder -> b
    java.util.HashMap mCallbackMap -> c
    void processPendingCallbacks() -> a
    android.support.v4.media.session.IMediaSession access$202(android.support.v4.media.session.MediaControllerCompat$MediaControllerImplApi21,android.support.v4.media.session.IMediaSession) -> a
    void access$300(android.support.v4.media.session.MediaControllerCompat$MediaControllerImplApi21) -> a