app/build/outputs/mapping/release/usage.txt
com.akashgarg.app.BuildConfig
com.akashgarg.app.R
com.akashgarg.app.R$anim
com.akashgarg.app.R$animator
com.akashgarg.app.R$attr
com.akashgarg.app.R$bool
com.akashgarg.app.R$color
com.akashgarg.app.R$dimen
com.akashgarg.app.R$drawable
com.akashgarg.app.R$font
com.akashgarg.app.R$id
com.akashgarg.app.R$integer
com.akashgarg.app.R$layout
com.akashgarg.app.R$mipmap
com.akashgarg.app.R$string
com.akashgarg.app.R$style
com.akashgarg.app.R$styleable
com.akashgarg.app.presentor.inteceptor.AuthenticateInterceptor:
    public abstract void validateUser(java.lang.String,java.lang.String,com.akashgarg.app.presentor.inteceptor.AuthenticateInterceptor$AuthenticateServiceCompleteListener)
com.akashgarg.app.presentor.inteceptor.AuthenticateInterceptor$AuthenticateServiceCompleteListener:
    public abstract void onFailure()
com.akashgarg.app.presentor.presentor.AuthenticatePresentor
com.akashgarg.app.presentor.presentor.impl.AuthenticatePresentorImpl:
    13:13:public final com.akashgarg.app.presentor.inteceptor.impl.AuthenticateInterceptorImpl getAuthInterceptor()
    13:13:public final void setAuthInterceptor(com.akashgarg.app.presentor.inteceptor.impl.AuthenticateInterceptorImpl)
    14:14:public final com.akashgarg.app.view.AuthenticateView getAuthView()
    14:14:public final void setAuthView(com.akashgarg.app.view.AuthenticateView)
    27:28:public void onFailure()
com.akashgarg.app.ui.activity.AuthenticateActivity:
    17:17:public static final synthetic void access$setAuthPresentor$p(com.akashgarg.app.ui.activity.AuthenticateActivity,com.akashgarg.app.presentor.presentor.impl.AuthenticatePresentorImpl)
    17:17:public static final synthetic void access$setEtUserName$p(com.akashgarg.app.ui.activity.AuthenticateActivity,android.widget.EditText)
    17:17:public static final synthetic void access$setEtUserPass$p(com.akashgarg.app.ui.activity.AuthenticateActivity,android.widget.EditText)
com.akashgarg.app.ui.activity.BaseActivity:
    21:21:public final android.content.BroadcastReceiver getNetworkBroadcast()
    21:21:public final void setNetworkBroadcast(android.content.BroadcastReceiver)
com.akashgarg.app.ui.fragment.BaseFragment
com.akashgarg.app.util.Application:
    11:11:public final android.content.Context getContext()
    11:11:public final void setContext(android.content.Context)
    10:10:public static final synthetic java.lang.Object access$getInstance$cp()
com.akashgarg.app.util.Application$Companion:
    18:18:public final java.lang.Object getInstance()
com.akashgarg.app.util.Consts:
    7:7:public final java.lang.String getTAG()
com.akashgarg.app.util.NetworkUtils:
    9:9:public NetworkUtils()
com.akashgarg.app.util.callback.NetworkCallback
...
android.support.v7.widget.RecyclerView$LayoutParams:
    11237:11237:public boolean viewNeedsUpdate()
    11277:11277:public int getViewPosition()
    11299:11299:public int getViewAdapterPosition()
android.support.v7.widget.RecyclerView$OnFlingListener:
    12206:12206:public RecyclerView$OnFlingListener()
android.support.v7.widget.RecyclerView$Orientation
android.support.v7.widget.RecyclerView$RecycledViewPool:
    private static final int DEFAULT_MAX_SCRAP
    5320:5326:public void setMaxRecycledViews(int,int)
    5332:5332:public int getRecycledViewCount(int)
    5359:5366:int size()
android.support.v7.widget.RecyclerView$Recycler:
    static final int DEFAULT_CACHE_SIZE
    5673:5702:public void bindViewToPosition(android.view.View,int)
    6006:6007:void recycleViewInternal(android.view.View)
android.support.v7.widget.RecyclerView$RecyclerViewDataObserver:
    5177:5184:public void onChanged()
    5188:5192:public void onItemRangeChanged(int,int,java.lang.Object)
    5196:5200:public void onItemRangeInserted(int,int)
    5204:5208:public void onItemRangeRemoved(int,int)
    5212:5216:public void onItemRangeMoved(int,int,int)
    5219:5225:void triggerUpdateProcessor()
android.support.v7.widget.RecyclerView$SimpleOnItemTouchListener
android.support.v7.widget.RecyclerView$SmoothScroller:
    11343:11359:public RecyclerView$SmoothScroller()
    11374:11385:void start(android.support.v7.widget.RecyclerView,android.support.v7.widget.RecyclerView$LayoutManager)
    11397:11397:public android.support.v7.widget.RecyclerView$LayoutManager getLayoutManager()
    11496:11496:public int getChildCount()
    11503:11503:public android.view.View findViewByPosition(int)
    11512:11513:public void instantScrollToPosition(int)
    11529:11533:protected void normalize(android.graphics.PointF)
    protected abstract void onStart()
android.support.v7.widget.RecyclerView$SmoothScroller$Action:
    public static final int UNDEFINED_DURATION
    11599:11600:public RecyclerView$SmoothScroller$Action(int,int)
    11608:11609:public RecyclerView$SmoothScroller$Action(int,int,int)
    11584:11623:public RecyclerView$SmoothScroller$Action(int,int,int,android.view.animation.Interpolator)
    11641:11642:public void jumpTo(int)
    11691:11691:public int getDx()
    11695:11697:public void setDx(int)
    11700:11700:public int getDy()
    11704:11706:public void setDy(int)
    11709:11709:public int getDuration()
    11713:11715:public void setDuration(int)
    11718:11718:public android.view.animation.Interpolator getInterpolator()
    11728:11730:public void setInterpolator(android.view.animation.Interpolator)
    11741:11746:public void update(int,int,int,android.view.animation.Interpolator)
android.support.v7.widget.RecyclerView$SmoothScroller$ScrollVectorProvider
android.support.v7.widget.RecyclerView$State:
    static final int STEP_START
    static final int STEP_LAYOUT
    static final int STEP_ANIMATIONS
    11984:11991:android.support.v7.widget.RecyclerView$State reset()
    12024:12024:public boolean isMeasuring()
    12055:12055:public boolean willRunSimpleAnimations()
    12064:12068:public void remove(int)
    12080:12083:public java.lang.Object get(int)
    12095:12099:public void put(int,java.lang.Object)
    12126:12126:public boolean didStructureChange()
    12167:12167:public int getRemainingScrollHorizontal()
    12178:12178:public int getRemainingScrollVertical()
android.support.v7.widget.RecyclerView$State$LayoutState
android.support.v7.widget.RecyclerView$ViewCacheExtension:
    6563:6563:public RecyclerView$ViewCacheExtension()